This file contains any messages produced by compilers while running configure, to aid debugging if configure makes a mistake.

It was created by ad-configure-ios 0.0.1, which was generated by procursus iOS GNU Autoconf 2.71.  Invocation command line was

  $ /var/jb/opt/ad/bin/ad-configure-ios --build=aarch64-apple-ios

## --------- ##
## Platform. ##
## --------- ##

#####===== iOS jailbreak build config ====####
JB=/var/jb
THEOS=/var/theos

/bin/codesign_allocate=/bin/codesign_allocate
CODESIGN_OPTIONS=-vfs-
__AUTH_DEBUG=1

CC=/var/jb/usr/bin/cc
CXX=/var/jb/usr/bin/c++

CFLAGS=-Wno-implicit-int -miphoneos-version-min=14.0 -arch arm64 -fPIC -fno-common -fno-stack-protector -D_DARWIN_C_SOURCE
CXXFLAGS=-Wno-implicit-int -miphoneos-version-min=14.0 -arch arm64 -fPIC -fno-common -fno-stack-protector -D_DARWIN_C_SOURCE
CPPFLAGS=-I/var/jb/usr/include -D_GNU_SOURCE -D__APPLE__ -D__MACH__
LDFLAGS=-L/var/jb/usr/lib -Wl,-dead_strip

LIBRARY_PATH=/var/jb/usr/lib:
LD_LIBRARY_PATH=/var/jb/usr/lib:
DYLD_LIBRARY_PATH=/var/jb/usr/lib:/var/jb/usr/lib:/var/jb/lib:/var/jb/opt/AD/lib

cross_compiling=yes
ac_cv_func_malloc_0_nonnull=yes
ac_cv_func_realloc_0_nonnull=yes
ac_cv_c_compiler_gnu=no
gl_cv_func_gettimeofday_clobber=no
ac_cv_header_stdc=yes
ac_cv_prog_cc_stdc=yes

darwin_crt1_dir=
enable_darwin_at_rpath=yes
#####=====================================####


hostname = unknown
uname -m = iPhone11,6
uname -r = 22.3.0
uname -s = Darwin
uname -v = Darwin Kernel Version 22.3.0: Wed Jan  4 21:24:51 PST 2023; root:xnu-8792.82.2~1/RELEASE_ARM64_T8020
uname = Darwin
uname -p = arm
arch = arm64
arch -k = unknown
ggetsysinf = unknown
hostinfo = Mach kernel version:
	 Darwin Kernel Version 22.3.0: Wed Jan  4 21:24:51 PST 2023; root:xnu-8792.82.2~1/RELEASE_ARM64_T8020
Kernel configured for up to 6 processors.
6 processors are physically available.
6 processors are logically available.
Processor type: arm64e (ARM64E)
Processors active: 0 1 2 3 4 5
Primary memory available: 3.67 gigabytes
Default processor set: 216 tasks, 1474 threads, 6 processors
Load average: 18.44, Mach factor: 1.33
machine = arm64e
oslevel = unknown
universe = unknown
